[    0.000000] Linux version 4.15.0-166-generic (buildd@lgw01-amd64-012) (gcc version 7.5.0 (Ubuntu 7.5.0-3ubuntu1~18.04)) #174-Ubuntu SMP Wed Dec 8 19:07:44 UTC 2021 (Ubuntu 4.15.0-166.174-generic 4.15.18)
[    0.000000] Command line: BOOT_IMAGE=/boot/vmlinuz-4.15.0-166-generic root=LABEL=cloudimg-rootfs ro console=tty1 console=ttyS0
[    0.000000] KERNEL supported cpus:
[    0.000000]   Intel GenuineIntel
[    0.000000]   AMD AuthenticAMD
[    0.000000]   Centaur CentaurHauls
[    0.000000] x86/fpu: Supporting XSAVE feature 0x001: 'x87 floating point registers'
[    0.000000] x86/fpu: Supporting XSAVE feature 0x002: 'SSE registers'
[    0.000000] x86/fpu: Supporting XSAVE feature 0x004: 'AVX registers'
[    0.000000] x86/fpu: xstate_offset[2]:  576, xstate_sizes[2]:  256
[    0.000000] x86/fpu: Enabled xstate features 0x7, context size is 832 bytes, using 'standard' format.
[    0.000000] e820: BIOS-provided physical RAM map:
[    0.000000] BIOS-e820: [mem 0x0000000000000000-0x000000000009fbff] usable
[    0.000000] BIOS-e820: [mem 0x000000000009fc00-0x000000000009ffff] reserved
[    0.000000] BIOS-e820: [mem 0x00000000000f0000-0x00000000000fffff] reserved
[    0.000000] BIOS-e820: [mem 0x0000000000100000-0x000000001ffeffff] usable
[    0.000000] BIOS-e820: [mem 0x000000001fff0000-0x000000001fffffff] ACPI data
[    0.000000] BIOS-e820: [mem 0x00000000fec00000-0x00000000fec00fff] reserved
[    0.000000] BIOS-e820: [mem 0x00000000fee00000-0x00000000fee00fff] reserved
[    0.000000] BIOS-e820: [mem 0x00000000fffc0000-0x00000000ffffffff] reserved
[    0.000000] NX (Execute Disable) protection: active
[    0.000000] SMBIOS 2.5 present.
[    0.000000] DMI: innotek GmbH VirtualBox/VirtualBox, BIOS VirtualBox 12/01/2006
[    0.000000] Hypervisor detected: KVM
[    0.000000] e820: last_pfn = 0x1fff0 max_arch_pfn = 0x400000000
[    0.000000] MTRR: Disabled
[    0.000000] x86/PAT: MTRRs disabled, skipping PAT initialization too.
[    0.000000] CPU MTRRs all blank - virtualized system.
[    0.000000] x86/PAT: Configuration [0-7]: WB  WT  UC- UC  WB  WT  UC- UC  
[    0.000000] found SMP MP-table at [mem 0x0009fff0-0x0009ffff]
[    0.000000] Scanning 1 areas for low memory corruption
[    0.000000] RAMDISK: [mem 0x1db11000-0x1ee24fff]
[    0.000000] ACPI: Early table checksum verification disabled
[    0.000000] ACPI: RSDP 0x00000000000E0000 000024 (v02 VBOX  )
[    0.000000] ACPI: XSDT 0x000000001FFF0030 00003C (v01 VBOX   VBOXXSDT 00000001 ASL  00000061)
[    0.000000] ACPI: FACP 0x000000001FFF00F0 0000F4 (v04 VBOX   VBOXFACP 00000001 ASL  00000061)
[    0.000000] ACPI: DSDT 0x000000001FFF0470 002325 (v02 VBOX   VBOXBIOS 00000002 INTL 20200925)
[    0.000000] ACPI: FACS 0x000000001FFF0200 000040
[    0.000000] ACPI: FACS 0x000000001FFF0200 000040
[    0.000000] ACPI: APIC 0x000000001FFF0240 000054 (v02 VBOX   VBOXAPIC 00000001 ASL  00000061)
[    0.000000] ACPI: SSDT 0x000000001FFF02A0 0001CC (v01 VBOX   VBOXCPUT 00000002 INTL 20200925)
[    0.000000] ACPI: Reserving FACP table memory at [mem 0x1fff00f0-0x1fff01e3]
[    0.000000] ACPI: Reserving DSDT table memory at [mem 0x1fff0470-0x1fff2794]
[    0.000000] ACPI: Reserving FACS table memory at [mem 0x1fff0200-0x1fff023f]
[    0.000000] ACPI: Reserving FACS table memory at [mem 0x1fff0200-0x1fff023f]
[    0.000000] ACPI: Reserving APIC table memory at [mem 0x1fff0240-0x1fff0293]
[    0.000000] ACPI: Reserving SSDT table memory at [mem 0x1fff02a0-0x1fff046b]
[    0.000000] No NUMA configuration found
[    0.000000] Faking a node at [mem 0x0000000000000000-0x000000001ffeffff]
[    0.000000] NODE_DATA(0) allocated [mem 0x1ffc5000-0x1ffeffff]
[    0.000000] kvm-clock: cpu 0, msr 0:1ff44001, primary cpu clock
[    0.000000] kvm-clock: Using msrs 4b564d01 and 4b564d00
[    0.000000] kvm-clock: using sched offset of 3007026492 cycles
[    0.000000] clocksource: kvm-clock: mask: 0xffffffffffffffff max_cycles: 0x1cd42e4dffb, max_idle_ns: 881590591483 ns
[    0.000000] Zone ranges:
[    0.000000]   DMA      [mem 0x0000000000001000-0x0000000000ffffff]
[    0.000000]   DMA32    [mem 0x0000000001000000-0x000000001ffeffff]
[    0.000000]   Normal   empty
[    0.000000]   Device   empty
[    0.000000] Movable zone start for each node
[    0.000000] Early memory node ranges
[    0.000000]   node   0: [mem 0x0000000000001000-0x000000000009efff]
[    0.000000]   node   0: [mem 0x0000000000100000-0x000000001ffeffff]
[    0.000000] Reserved but unavailable: 104 pages
[    0.000000] Initmem setup node 0 [mem 0x0000000000001000-0x000000001ffeffff]
[    0.000000] ACPI: PM-Timer IO Port: 0x4008
[    0.000000] IOAPIC[0]: apic_id 1, version 32, address 0xfec00000, GSI 0-23
[    0.000000] ACPI: INT_SRC_OVR (bus 0 bus_irq 0 global_irq 2 dfl dfl)
[    0.000000] ACPI: INT_SRC_OVR (bus 0 bus_irq 9 global_irq 9 low level)
[    0.000000] Using ACPI (MADT) for SMP configuration information
[    0.000000] smpboot: Allowing 1 CPUs, 0 hotplug CPUs
[    0.000000] PM: Registered nosave memory: [mem 0x00000000-0x00000fff]
[    0.000000] PM: Registered nosave memory: [mem 0x0009f000-0x0009ffff]
[    0.000000] PM: Registered nosave memory: [mem 0x000a0000-0x000effff]
[    0.000000] PM: Registered nosave memory: [mem 0x000f0000-0x000fffff]
[    0.000000] e820: [mem 0x20000000-0xfebfffff] available for PCI devices
[    0.000000] Booting paravirtualized kernel on KVM
[    0.000000] clocksource: refined-jiffies: mask: 0xffffffff max_cycles: 0xffffffff, max_idle_ns: 7645519600211568 ns
[    0.000000] random: get_random_bytes called from start_kernel+0x99/0x500 with crng_init=0
[    0.000000] setup_percpu: NR_CPUS:8192 nr_cpumask_bits:1 nr_cpu_ids:1 nr_node_ids:1
[    0.000000] percpu: Embedded 45 pages/cpu s147456 r8192 d28672 u2097152
[    0.000000] PV qspinlock hash table entries: 256 (order: 0, 4096 bytes)
[    0.000000] Built 1 zonelists, mobility grouping on.  Total pages: 128889
[    0.000000] Policy zone: DMA32
[    0.000000] Kernel command line: BOOT_IMAGE=/boot/vmlinuz-4.15.0-166-generic root=LABEL=cloudimg-rootfs ro console=tty1 console=ttyS0
[    0.000000] Memory: 466784K/523832K available (12300K kernel code, 2483K rwdata, 4320K rodata, 2448K init, 2724K bss, 57048K reserved, 0K cma-reserved)
[    0.000000] SLUB: HWalign=64, Order=0-3, MinObjects=0, CPUs=1, Nodes=1
[    0.000000] Kernel/User page tables isolation: enabled
[    0.000000] ftrace: allocating 39491 entries in 155 pages
[    0.004000] Hierarchical RCU implementation.
[    0.004000] 	RCU restricting CPUs from NR_CPUS=8192 to nr_cpu_ids=1.
[    0.004000] 	Tasks RCU enabled.
[    0.004000] RCU: Adjusting geometry for rcu_fanout_leaf=16, nr_cpu_ids=1
[    0.004000] NR_IRQS: 524544, nr_irqs: 256, preallocated irqs: 16
[    0.004000] Console: colour VGA+ 80x25
[    0.004000] console [tty1] enabled
[    0.004000] console [ttyS0] enabled
[    0.004000] ACPI: Core revision 20170831
[    0.004000] ACPI: 2 ACPI AML tables successfully acquired and loaded
[    0.004000] APIC: Switch to symmetric I/O mode setup
[    0.004000] x2apic enabled
[    0.004000] Switched APIC routing to physical x2apic.
[    0.004000] ..TIMER: vector=0x30 apic1=0 pin1=2 apic2=-1 pin2=-1
[    0.004000] tsc: Detected 1689.550 MHz processor
[    0.004000] Calibrating delay loop (skipped) preset value.. 3379.10 BogoMIPS (lpj=6758200)
[    0.004004] pid_max: default: 32768 minimum: 301
[    0.004597] Security Framework initialized
[    0.005728] Yama: becoming mindful.
[    0.006786] AppArmor: AppArmor initialized
[    0.008000] Dentry cache hash table entries: 65536 (order: 7, 524288 bytes)
[    0.008035] Inode-cache hash table entries: 32768 (order: 6, 262144 bytes)
[    0.008791] Mount-cache hash table entries: 1024 (order: 1, 8192 bytes)
[    0.009531] Mountpoint-cache hash table entries: 1024 (order: 1, 8192 bytes)
[    0.012209] process: using mwait in idle threads
[    0.012763] Last level iTLB entries: 4KB 0, 2MB 0, 4MB 0
[    0.013369] Last level dTLB entries: 4KB 0, 2MB 0, 4MB 0, 1GB 0
[    0.013941] Spectre V1 : Mitigation: usercopy/swapgs barriers and __user pointer sanitization
[    0.014882] Spectre V2 : Mitigation: Full generic retpoline
[    0.015498] Spectre V2 : Spectre v2 / SpectreRSB mitigation: Filling RSB on context switch
[    0.016001] Speculative Store Bypass: Vulnerable
[    0.016577] MDS: Mitigation: Clear CPU buffers
[    0.028699] Freeing SMP alternatives memory: 36K
[    0.138686] smpboot: CPU0: 11th Gen Intel(R) Core(TM) i7-1165G7 @ 2.80GHz (family: 0x6, model: 0x8c, stepping: 0x1)
[    0.140000] Performance Events: unsupported p6 CPU model 140 no PMU driver, software events only.
[    0.140000] Hierarchical SRCU implementation.
[    0.140000] NMI watchdog: Perf event create on CPU 0 failed with -2
[    0.140001] NMI watchdog: Perf NMI watchdog permanently disabled
[    0.140690] smp: Bringing up secondary CPUs ...
[    0.141204] smp: Brought up 1 node, 1 CPU
[    0.141665] smpboot: Max logical packages: 1
[    0.142156] smpboot: Total of 1 processors activated (3379.10 BogoMIPS)
[    0.142957] devtmpfs: initialized
[    0.143415] x86/mm: Memory block size: 128MB
[    0.144060] evm: security.selinux
[    0.144454] evm: security.SMACK64
[    0.144845] evm: security.SMACK64EXEC
[    0.145272] evm: security.SMACK64TRANSMUTE
[    0.145760] evm: security.SMACK64MMAP
[    0.146194] evm: security.apparmor
[    0.146597] evm: security.ima
[    0.146957] evm: security.capability
[    0.147461] clocksource: jiffies: mask: 0xffffffff max_cycles: 0xffffffff, max_idle_ns: 7645041785100000 ns
[    0.148005] futex hash table entries: 256 (order: 2, 16384 bytes)
[    0.148718] pinctrl core: initialized pinctrl subsystem
[    0.149368] RTC time: 23:28:40, date: 01/27/22
[    0.149967] NET: Registered protocol family 16
[    0.150516] audit: initializing netlink subsys (disabled)
[    0.151215] cpuidle: using governor ladder
[    0.152005] audit: type=2000 audit(1643326124.368:1): state=initialized audit_enabled=0 res=1
[    0.152953] cpuidle: using governor menu
[    0.153427] ACPI: bus type PCI registered
[    0.153891] acpiphp: ACPI Hot Plug PCI Controller Driver version: 0.5
[    0.154670] PCI: Using configuration type 1 for base access
[    0.156155] HugeTLB registered 2.00 MiB page size, pre-allocated 0 pages
[    0.157051] ACPI: Added _OSI(Module Device)
[    0.157552] ACPI: Added _OSI(Processor Device)
[    0.158060] ACPI: Added _OSI(3.0 _SCP Extensions)
[    0.158592] ACPI: Added _OSI(Processor Aggregator Device)
[    0.159191] ACPI: Added _OSI(Linux-Dell-Video)
[    0.160005] ACPI: Added _OSI(Linux-Lenovo-NV-HDMI-Audio)
[    0.160598] ACPI: Added _OSI(Linux-HPI-Hybrid-Graphics)
[    0.161350] ACPI: Executed 1 blocks of module-level executable AML code
[    0.164781] ACPI: Interpreter enabled
[    0.165257] ACPI: (supports S0 S5)
[    0.165660] ACPI: Using IOAPIC for interrupt routing
[    0.166387] PCI: Using host bridge windows from ACPI; if necessary, use "pci=nocrs" and report a bug
[    0.167489] ACPI: Enabled 2 GPEs in block 00 to 07
[    0.171353] ACPI: PCI Root Bridge [PCI0] (domain 0000 [bus 00-ff])
[    0.172000] acpi PNP0A03:00: _OSC: OS supports [ASPM ClockPM Segments MSI]
[    0.172310] acpi PNP0A03:00: _OSC: not requesting OS control; OS requires [ExtendedConfig ASPM ClockPM MSI]
[    0.173272] acpi PNP0A03:00: fail to add MMCONFIG information, can't access extended PCI configuration space under this bridge.
[    0.174598] PCI host bridge to bus 0000:00
[    0.175019] pci_bus 0000:00: root bus resource [io  0x0000-0x0cf7 window]
[    0.176002] pci_bus 0000:00: root bus resource [io  0x0d00-0xffff window]
[    0.176662] pci_bus 0000:00: root bus resource [mem 0x000a0000-0x000bffff window]
[    0.177411] pci_bus 0000:00: root bus resource [mem 0x20000000-0xfdffffff window]
[    0.178501] pci_bus 0000:00: root bus resource [bus 00-ff]
[    0.180000] pci 0000:00:01.1: legacy IDE quirk: reg 0x10: [io  0x01f0-0x01f7]
[    0.180002] pci 0000:00:01.1: legacy IDE quirk: reg 0x14: [io  0x03f6]
[    0.180734] pci 0000:00:01.1: legacy IDE quirk: reg 0x18: [io  0x0170-0x0177]
[    0.184001] pci 0000:00:01.1: legacy IDE quirk: reg 0x1c: [io  0x0376]
[    0.190492] pci 0000:00:07.0: quirk: [io  0x4000-0x403f] claimed by PIIX4 ACPI
[    0.191339] pci 0000:00:07.0: quirk: [io  0x4100-0x410f] claimed by PIIX4 SMB
[    0.195315] ACPI: PCI Interrupt Link [LNKA] (IRQs 5 9 10 *11)
[    0.196058] ACPI: PCI Interrupt Link [LNKB] (IRQs 5 9 *10 11)
[    0.196747] ACPI: PCI Interrupt Link [LNKC] (IRQs 5 *9 10 11)
[    0.197416] ACPI: PCI Interrupt Link [LNKD] (IRQs 5 9 10 *11)
[    0.198293] SCSI subsystem initialized
[    0.198843] pci 0000:00:02.0: vgaarb: setting as boot VGA device
[    0.199493] pci 0000:00:02.0: vgaarb: VGA device added: decodes=io+mem,owns=io+mem,locks=none
[    0.200002] pci 0000:00:02.0: vgaarb: bridge control possible
[    0.200672] vgaarb: loaded
[    0.201008] ACPI: bus type USB registered
[    0.201475] usbcore: registered new interface driver usbfs
[    0.202079] usbcore: registered new interface driver hub
[    0.202650] usbcore: registered new device driver usb
[    0.203242] EDAC MC: Ver: 3.0.0
[    0.204160] PCI: Using ACPI for IRQ routing
[    0.204801] NetLabel: Initializing
[    0.205191] NetLabel:  domain hash size = 128
[    0.205661] NetLabel:  protocols = UNLABELED CIPSOv4 CALIPSO
[    0.206281] NetLabel:  unlabeled traffic allowed by default
[    0.206949] clocksource: Switched to clocksource kvm-clock
[    0.212447] VFS: Disk quotas dquot_6.6.0
[    0.213302] VFS: Dquot-cache hash table entries: 512 (order 0, 4096 bytes)
[    0.214118] AppArmor: AppArmor Filesystem Enabled
[    0.214650] pnp: PnP ACPI init
[    0.215600] pnp: PnP ACPI: found 3 devices
[    0.221207] clocksource: acpi_pm: mask: 0xffffff max_cycles: 0xffffff, max_idle_ns: 2085701024 ns
[    0.222236] NET: Registered protocol family 2
[    0.222708] IP idents hash table entries: 8192 (order: 4, 65536 bytes)
[    0.223411] TCP established hash table entries: 4096 (order: 3, 32768 bytes)
[    0.224063] TCP bind hash table entries: 4096 (order: 4, 65536 bytes)
[    0.224680] TCP: Hash tables configured (established 4096 bind 4096)
[    0.225279] UDP hash table entries: 256 (order: 1, 8192 bytes)
[    0.225819] UDP-Lite hash table entries: 256 (order: 1, 8192 bytes)
[    0.226444] NET: Registered protocol family 1
[    0.226960] pci 0000:00:00.0: Limiting direct PCI/PCI transfers
[    0.227568] pci 0000:00:01.0: Activating ISA DMA hang workarounds
[    0.228188] pci 0000:00:02.0: Video device with shadowed ROM at [mem 0x000c0000-0x000dffff]
[    0.229064] Unpacking initramfs...
[    0.437727] Freeing initrd memory: 19536K
[    0.438358] clocksource: tsc: mask: 0xffffffffffffffff max_cycles: 0x185a9773a0d, max_idle_ns: 440795203025 ns
[    0.439338] platform rtc_cmos: registered platform RTC device (no PNP device found)
[    0.440097] Scanning for low memory corruption every 60 seconds
[    0.441032] Initialise system trusted keyrings
[    0.441503] Key type blacklist registered
[    0.441936] workingset: timestamp_bits=36 max_order=17 bucket_order=0
[    0.443083] zbud: loaded
[    0.443740] squashfs: version 4.0 (2009/01/31) Phillip Lougher
[    0.444392] fuse init (API version 7.26)
[    0.445245] Key type asymmetric registered
[    0.445688] Asymmetric key parser 'x509' registered
[    0.446184] Block layer SCSI generic (bsg) driver version 0.4 loaded (major 246)
[    0.446917] io scheduler noop registered
[    0.447340] io scheduler deadline registered
[    0.447796] io scheduler cfq registered (default)
[    0.448481] ACPI: AC Adapter [AC] (on-line)
[    0.448963] input: Power Button as /devices/LNXSYSTM:00/LNXPWRBN:00/input/input0
[    0.449761] ACPI: Power Button [PWRF]
[    0.450185] input: Sleep Button as /devices/LNXSYSTM:00/LNXSLPBN:00/input/input1
[    0.450928] ACPI: Sleep Button [SLPF]
[    0.451844] ACPI: Battery Slot [BAT0] (battery present)
[    0.452473] Serial: 8250/16550 driver, 32 ports, IRQ sharing enabled
[    0.473625] 00:02: ttyS0 at I/O 0x3f8 (irq = 4, base_baud = 115200) is a 16550A
[    0.475272] Linux agpgart interface v0.103
[    0.476471] loop: module loaded
[    0.477211] scsi host0: ata_piix
[    0.477640] scsi host1: ata_piix
[    0.478044] ata1: PATA max UDMA/33 cmd 0x1f0 ctl 0x3f6 bmdma 0xd000 irq 14
[    0.478804] ata2: PATA max UDMA/33 cmd 0x170 ctl 0x376 bmdma 0xd008 irq 15
[    0.479748] libphy: Fixed MDIO Bus: probed
[    0.480246] tun: Universal TUN/TAP device driver, 1.6
[    0.480848] PPP generic driver version 2.4.2
[    0.481361] ehci_hcd: USB 2.0 'Enhanced' Host Controller (EHCI) Driver
[    0.482085] ehci-pci: EHCI PCI platform driver
[    0.482602] ehci-platform: EHCI generic platform driver
[    0.483215] ohci_hcd: USB 1.1 'Open' Host Controller (OHCI) Driver
[    0.483907] ohci-pci: OHCI PCI platform driver
[    0.484572] ohci-platform: OHCI generic platform driver
[    0.485165] uhci_hcd: USB Universal Host Controller Interface driver
[    0.485902] i8042: PNP: PS/2 Controller [PNP0303:PS2K,PNP0f03:PS2M] at 0x60,0x64 irq 1,12
[    0.487155] serio: i8042 KBD port at 0x60,0x64 irq 1
[    0.487737] serio: i8042 AUX port at 0x60,0x64 irq 12
[    0.488364] mousedev: PS/2 mouse device common for all mice
[    0.489167] input: AT Translated Set 2 keyboard as /devices/platform/i8042/serio0/input/input2
[    0.490358] rtc_cmos rtc_cmos: rtc core: registered rtc_cmos as rtc0
[    0.491125] rtc_cmos rtc_cmos: alarms up to one day, 114 bytes nvram
[    0.491838] i2c /dev entries driver
[    0.492308] device-mapper: uevent: version 1.0.3
[    0.492869] device-mapper: ioctl: 4.37.0-ioctl (2017-09-20) initialised: dm-devel@redhat.com
[    0.493821] ledtrig-cpu: registered to indicate activity on CPUs
[    0.494650] NET: Registered protocol family 10
[    0.496261] Segment Routing with IPv6
[    0.497615] NET: Registered protocol family 17
[    0.498147] Key type dns_resolver registered
[    0.498695] mce: Using 0 MCE banks
[    0.499108] RAS: Correctable Errors collector initialized.
[    0.499724] sched_clock: Marking stable (497590536, 0)->(601014209, -103423673)
[    0.500548] registered taskstats version 1
[    0.500972] Loading compiled-in X.509 certificates
[    0.502662] Loaded X.509 cert 'Build time autogenerated kernel key: 408b96eb428cbe545a63e9a677d083d5c6df802b'
[    0.504035] Loaded X.509 cert 'Canonical Ltd. Live Patch Signing: 14df34d1a87cf37625abec039ef2bf521249b969'
[    0.505421] Loaded X.509 cert 'Canonical Ltd. Kernel Module Signing: 88f752e560a1e0737e31163a466ad7b70a850c19'
[    0.506382] blacklist: Loading compiled-in revocation X.509 certificates
[    0.507078] Loaded X.509 cert 'Canonical Ltd. Secure Boot Signing: 61482aa2830d0ab2ad5af10b7250da9033ddcef0'
[    0.508071] zswap: loaded using pool lzo/zbud
[    0.510200] Key type big_key registered
[    0.510661] Key type trusted registered
[    0.511936] Key type encrypted registered
[    0.512406] AppArmor: AppArmor sha1 policy hashing enabled
[    0.512986] ima: No TPM chip found, activating TPM-bypass! (rc=-19)
[    0.513642] ima: Allocated hash algorithm: sha1
[    0.514131] evm: HMAC attrs: 0x1
[    0.514657]   Magic number: 6:366:505
[    0.515122] i8042 i8042: hash matches
[    0.515652] rtc_cmos rtc_cmos: setting system clock to 2022-01-27 23:28:40 UTC (1643326120)
[    0.516734] BIOS EDD facility v0.16 2004-Jun-25, 0 devices found
[    0.517474] EDD information not available.
[    0.658837] Freeing unused kernel image memory: 2448K
[    0.664042] Write protecting the kernel read-only data: 20480k
[    0.665050] Freeing unused kernel image memory: 2008K
[    0.665880] Freeing unused kernel image memory: 1824K
[    0.669862] x86/mm: Checked W+X mappings: passed, no W+X pages found.
[    0.670611] x86/mm: Checking user space page tables
[    0.674719] x86/mm: Checked W+X mappings: passed, no W+X pages found.
Loading, please wait...
starting version 237
[    0.733079] e1000: Intel(R) PRO/1000 Network Driver - version 7.3.21-k8-NAPI
[    0.734100] e1000: Copyright (c) 1999-2006 Intel Corporation.
[    0.737821] Fusion MPT base driver 3.04.20
[    0.738419] Copyright (c) 1999-2008 LSI Corporation
[    0.746688] Fusion MPT SPI Host driver 3.04.20
[    0.755646] AVX2 version of gcm_enc/dec engaged.
[    0.756247] AES CTR mode by8 optimization enabled
[    0.949100] input: ImExPS/2 Generic Explorer Mouse as /devices/platform/i8042/serio1/input/input4
[    1.082253] e1000 0000:00:03.0 eth0: (PCI:33MHz:32-bit) 02:8d:1f:db:13:bf
[    1.083167] e1000 0000:00:03.0 eth0: Intel(R) PRO/1000 Network Connection
[    1.084478] mptbase: ioc0: Initiating bringup
[    1.180212] ioc0: LSI53C1030 A0: Capabilities={Initiator}
[    1.421676] scsi host2: ioc0: LSI53C1030 A0, FwRev=00000000h, Ports=1, MaxQ=256, IRQ=20
[    1.588964] scsi 2:0:0:0: Direct-Access     VBOX     HARDDISK         1.0  PQ: 0 ANSI: 5
[    1.589950] scsi target2:0:0: Beginning Domain Validation
[    1.591002] scsi target2:0:0: Domain Validation skipping write tests
[    1.591726] scsi target2:0:0: Ending Domain Validation
[    1.592360] scsi target2:0:0: asynchronous
[    1.593034] scsi 2:0:1:0: Direct-Access     VBOX     HARDDISK         1.0  PQ: 0 ANSI: 5
[    1.593956] scsi target2:0:1: Beginning Domain Validation
[    1.594589] random: fast init done
[    1.595354] scsi target2:0:1: Domain Validation skipping write tests
[    1.596066] scsi target2:0:1: Ending Domain Validation
[    1.596718] scsi target2:0:1: asynchronous
[    1.599030] random: systemd-udevd: uninitialized urandom read (16 bytes read)
[    1.599811] random: systemd-udevd: uninitialized urandom read (16 bytes read)
[    1.603670] sd 2:0:0:0: Attached scsi generic sg0 type 0
[    1.604441] sd 2:0:0:0: [sda] 83886080 512-byte logical blocks: (42.9 GB/40.0 GiB)
[    1.605341] sd 2:0:0:0: [sda] Write Protect is off
[    1.605939] sd 2:0:0:0: [sda] Incomplete mode parameter data
[    1.606581] sd 2:0:0:0: [sda] Assuming drive cache: write through
[    1.607399] sd 2:0:1:0: [sdb] 20480 512-byte logical blocks: (10.5 MB/10.0 MiB)
[    1.608281] sd 2:0:1:0: [sdb] Write Protect is off
[    1.608879] sd 2:0:1:0: [sdb] Incomplete mode parameter data
[    1.609520] sd 2:0:1:0: [sdb] Assuming drive cache: write through
[    1.610592] sd 2:0:1:0: Attached scsi generic sg1 type 0
[    1.611260]  sda: sda1
[    1.611757] random: systemd-udevd: uninitialized urandom read (16 bytes read)
[    1.612848] sd 2:0:0:0: [sda] Attached SCSI disk
[    1.613444] sd 2:0:1:0: [sdb] Attached SCSI disk
[    1.922334] e1000 0000:00:08.0 eth1: (PCI:33MHz:32-bit) 08:00:27:6c:35:08
[    1.923126] e1000 0000:00:08.0 eth1: Intel(R) PRO/1000 Network Connection
[    1.924739] e1000 0000:00:08.0 enp0s8: renamed from eth1
[    1.926401] e1000 0000:00:03.0 enp0s3: renamed from eth0
Begin: Loading essential drivers ... [    3.216562] raid6: sse2x1   gen() 16906 MB/s
[    3.279555] raid6: sse2x1   xor() 10606 MB/s
[    3.342872] raid6: sse2x2   gen() 22236 MB/s
[    3.406548] raid6: sse2x2   xor() 14960 MB/s
[    3.469781] raid6: sse2x4   gen() 23443 MB/s
[    3.533018] raid6: sse2x4   xor() 14102 MB/s
[    3.596248] raid6: avx2x1   gen() 33561 MB/s
[    3.659463] raid6: avx2x1   xor() 20915 MB/s
[    3.722699] raid6: avx2x2   gen() 41094 MB/s
[    3.785971] raid6: avx2x2   xor() 27451 MB/s
[    3.842569] raid6: avx2x4   gen() 41523 MB/s
[    3.903381] raid6: avx2x4   xor() 23730 MB/s
[    3.903944] raid6: using algorithm avx2x4 gen() 41523 MB/s
[    3.904653] raid6: .... xor() 23730 MB/s, rmw enabled
[    3.905304] raid6: using avx2x2 recovery algorithm
[    3.907383] xor: automatically using best checksumming function   avx       
[    3.909563] async_tx: api initialized (async)
done.
Begin: Running /scripts/init-premount ... done.
Begin: Mounting root file system ... Begin: Running /scripts/local-top ... done.
Begin: Running /scripts/local-premount ... [    3.949748] Btrfs loaded, crc32c=crc32c-intel
Scanning for Btrfs filesystems
done.
Warning: fsck not present, so skipping root file system
[    3.968915] EXT4-fs (sda1): mounted filesystem with ordered data mode. Opts: (null)
done.
Begin: Running /scripts/local-bottom ... done.
Begin: Running /scripts/init-bottom ... done.
[    4.080477] ip_tables: (C) 2000-2006 Netfilter Core Team
[    4.085912] systemd[1]: systemd 237 running in system mode. (+PAM +AUDIT +SELINUX +IMA +APPARMOR +SMACK +SYSVINIT +UTMP +LIBCRYPTSETUP +GCRYPT +GNUTLS +ACL +XZ +LZ4 +SECCOMP +BLKID +ELFUTILS +KMOD -IDN2 +IDN -PCRE2 default-hierarchy=hybrid)
[    4.087936] systemd[1]: Detected virtualization oracle.
[    4.088538] systemd[1]: Detected architecture x86-64.

Welcome to [1mUbuntu 18.04.6 LTS[0m!

[    4.091240] systemd[1]: Set hostname to <ubuntu>.
[    4.093004] systemd[1]: Initializing machine ID from random generator.
[    4.093653] systemd[1]: Installed transient /etc/machine-id file.
[    4.257415] systemd[1]: Reached target User and Group Name Lookups.
[[0;32m  OK  [0m] Reached target User and Group Name Lookups.
[    4.258654] systemd[1]: Reached target System Time Synchronized.
[[0;32m  OK  [0m] Reached target System Time Synchronized.
[    4.260211] systemd[1]: Created slice User and Session Slice.
[[0;32m  OK  [0m] Created slice User and Session Slice.
[    4.261272] systemd[1]: Reached target Swap.
[[0;32m  OK  [0m] Reached target Swap.
[[0;32m  OK  [0m] Started Forward Password Requests to Wall Directory Watch.
[[0;32m  OK  [0m] Created slice System Slice.
[[0;32m  OK  [0m] Reached target Slices.
[[0;32m  OK  [0m] Listening on Device-mapper event daemon FIFOs.
[[0;32m  OK  [0m] Listening on fsck to fsckd communication Socket.
[[0;32m  OK  [0m] Listening on LVM2 poll daemon socket.
[[0;32m  OK  [0m] Listening on Network Service Netlink Socket.
[[0;32m  OK  [0m] Listening on LVM2 metadata daemon socket.
[[0;32m  OK  [0m] Listening on Journal Socket (/dev/log).
[[0;32m  OK  [0m] Created slice system-serial\x2dgetty.slice.
[[0;32m  OK  [0m] Listening on udev Control Socket.
[[0;32m  OK  [0m] Listening on /dev/initctl Compatibility Named Pipe.
[[0;32m  OK  [0m] Listening on Syslog Socket.
[[0;32m  OK  [0m] Listening on udev Kernel Socket.
[[0;32m  OK  [0m] Listening on Journal Socket.
         Starting File System Check on Root Device...
         Starting Set the console keyboard layout...
         Mounting POSIX Message Queue File System...
         Starting Monitoring of LVM2 mirrors…ng dmeventd or progress polling...
         Starting Create list of required st…ce nodes for the current kernel...
         Mounting Kernel Debug File System...
         Starting Load Kernel Modules...
         Starting Uncomplicated firewall...
         Starting udev Coldplug all Devices...
         Mounting Huge Pages File System...
[[0;32m  OK  [0m] Set up automount Arbitrary Executab…rmats File System Automount Point.
[[0;32m  OK  [0m] Listening on Journal Audit Socket.
         Starting Journal Service...
[[0;32m  OK  [0m] Started File System Check Daemon to report status.
[[0;32m  OK  [0m] Started LVM2 metadata daemon.
[[0;32m  OK  [0m] Started Create list of required sta…vice nodes for the current kernel.
         Starting Create Static Device Nodes in /dev...
[[0;32m  OK  [0m] Mounted Kernel Debug File System.
[[0;32m  OK  [0m] Mounted POSIX Message Queue File System.
[[0;32m  OK  [0m] Mounted Huge Pages File System.
[[0;32m  OK  [0m] Started Uncomplicated firewall.
[    4.362366] Loading iSCSI transport class v2.0-870.
[[0;32m  OK  [0m] Started udev Coldplug all Devices.
[[0;32m  OK  [0m] Started Journal Service.
[[0;32m  OK  [0m] Started File System Check on Root Device.
         Starting Remount Root and Kernel File Systems...
[[0;32m  OK  [0m] Started Create Static Device Nodes in /dev.
[    4.427258] iscsi: registered transport (tcp)
[    4.442151] iscsi: registered transport (iser)
[[0;32m  OK  [0m] Started Load Kernel Modules.
         Mounting FUSE Control File System...
         Starting Apply Kernel Variables...
         Mounting Kernel Configuration File System...
[[0;32m  OK  [0m] Mounted Kernel Configuration File System.
[[0;32m  OK  [0m] Mounted FUSE Control File System.
[[0;32m  OK  [0m] Started Remount Root and Kernel File Systems.
         Starting udev Kernel Device Manager...
         Starting Flush Journal to Persistent Storage...
         Starting Load/Save Random Seed...
[[0;32m  OK  [0m] Started Monitoring of LVM2 mirrors,…sing dmeventd or progress polling.
[[0;32m  OK  [0m] Started Apply Kernel Variables.
[[0;32m  OK  [0m] Started udev Kernel Device Manager.
[[0;32m  OK  [0m] Started Load/Save Random Seed.
[[0;32m  OK  [0m] Started Flush Journal to Persistent Storage.
[[0;32m  OK  [0m] Found device /dev/ttyS0.
[[0;32m  OK  [0m] Listening on Load/Save RF Kill Switch Status /dev/rfkill Watch.
[[0;32m  OK  [0m] Started Set the console keyboard layout.
[[0;32m  OK  [0m] Reached target Local File Systems (Pre).
[[0;32m  OK  [0m] Reached target Local File Systems.
         Starting ebtables ruleset management...
         Starting Tell Plymouth To Write Out Runtime Data...
         Starting Create Volatile Files and Directories...
         Starting Set console font and keymap...
         Starting AppArmor initialization...
         Starting Commit a transient machine-id on disk...
[[0;32m  OK  [0m] Started Dispatch Password Requests to Console Directory Watch.
[[0;32m  OK  [0m] Reached target Local Encrypted Volumes.
[[0;32m  OK  [0m] Started Tell Plymouth To Write Out Runtime Data.
[[0;32m  OK  [0m] Started Commit a transient machine-id on disk.
[[0;32m  OK  [0m] Started Create Volatile Files and Directories.
         Starting Update UTMP about System Boot/Shutdown...
[[0;32m  OK  [0m] Started Update UTMP about System Boot/Shutdown.
[[0;32m  OK  [0m] Started ebtables ruleset management.
[[0;32m  OK  [0m] Started AppArmor initialization.
         Starting Load AppArmor profiles managed internally by snapd...
         Starting Initial cloud-init job (pre-networking)...
[[0;32m  OK  [0m] Started Load AppArmor profiles managed internally by snapd.
[[0;32m  OK  [0m] Started Set console font and keymap.
[    7.477010] cloud-init[790]: Cloud-init v. 21.4-0ubuntu1~18.04.1 running 'init-local' at Thu, 27 Jan 2022 23:28:47 +0000. Up 7.28 seconds.
[[0;32m  OK  [0m] Started Initial cloud-init job (pre-networking).
[[0;32m  OK  [0m] Reached target Network (Pre).
         Starting Network Service...
[[0;32m  OK  [0m] Started Network Service.
         Starting Network Name Resolution...
         Starting Wait for Network to be Configured...
[[0;32m  OK  [0m] Started Network Name Resolution.
[[0;32m  OK  [0m] Reached target Host and Network Name Lookups.
[[0;32m  OK  [0m] Reached target Network.
[[0;32m  OK  [0m] Started Wait for Network to be Configured.
         Starting Initial cloud-init job (metadata service crawler)...
[    9.714336] cloud-init[942]: Cloud-init v. 21.4-0ubuntu1~18.04.1 running 'init' at Thu, 27 Jan 2022 23:28:49 +0000. Up 9.63 seconds.
[    9.715661] cloud-init[942]: ci-info: ++++++++++++++++++++++++++++++++++++++Net device info+++++++++++++++++++++++++++++++++++++++
[    9.728144] cloud-init[942]: ci-info: +--------+-------+----------------------------+---------------+--------+-------------------+
[    9.729075] cloud-init[942]: ci-info: | Device |   Up  |          Address           |      Mask     | Scope  |     Hw-Address    |
[    9.730262] cloud-init[942]: ci-info: +--------+-------+----------------------------+---------------+--------+-------------------+
[    9.731451] cloud-init[942]: ci-info: | enp0s3 |  True |         10.0.2.15          | 255.255.255.0 | global | 02:8d:1f:db:13:bf |
[    9.744200] cloud-init[942]: ci-info: | enp0s3 |  True | fe80::8d:1fff:fedb:13bf/64 |       .       |  link  | 02:8d:1f:db:13:bf |
[    9.744918] cloud-init[942]: ci-info: | enp0s8 | False |             .              |       .       |   .    | 08:00:27:6c:35:08 |
[    9.745748] cloud-init[942]: ci-info: |   lo   |  True |         127.0.0.1          |   255.0.0.0   |  host  |         .         |
[    9.746564] cloud-init[942]: ci-info: |   lo   |  True |          ::1/128           |       .       |  host  |         .         |
[    9.748118] cloud-init[942]: ci-info: +--------+-------+----------------------------+---------------+--------+-------------------+
[    9.749233] cloud-init[942]: ci-info: ++++++++++++++++++++++++++++Route IPv4 info+++++++++++++++++++++++++++++
[    9.750051] cloud-init[942]: ci-info: +-------+-------------+----------+-----------------+-----------+-------+
[    9.750804] cloud-init[942]: ci-info: | Route | Destination | Gateway  |     Genmask     | Interface | Flags |
[    9.751603] cloud-init[942]: ci-info: +-------+-------------+----------+-----------------+-----------+-------+
[    9.752577] cloud-init[942]: ci-info: |   0   |   0.0.0.0   | 10.0.2.2 |     0.0.0.0     |   enp0s3  |   UG  |
[    9.753431] cloud-init[942]: ci-info: |   1   |   10.0.2.0  | 0.0.0.0  |  255.255.255.0  |   enp0s3  |   U   |
[    9.754454] cloud-init[942]: ci-info: |   2   |   10.0.2.2  | 0.0.0.0  | 255.255.255.255 |   enp0s3  |   UH  |
[    9.755709] cloud-init[942]: ci-info: +-------+-------------+----------+-----------------+-----------+-------+
[    9.760416] cloud-init[942]: ci-info: +++++++++++++++++++Route IPv6 info+++++++++++++++++++
[    9.761779] cloud-init[942]: ci-info: +-------+-------------+---------+-----------+-------+
[    9.762388] cloud-init[942]: ci-info: | Route | Destination | Gateway | Interface | Flags |
[    9.764167] cloud-init[942]: ci-info: +-------+-------------+---------+-----------+-------+
[    9.764845] cloud-init[942]: ci-info: |   1   |  fe80::/64  |    ::   |   enp0s3  |   U   |
[    9.765647] cloud-init[942]: ci-info: |   3   |    local    |    ::   |   enp0s3  |   U   |
[    9.766414] cloud-init[942]: ci-info: |   4   |   ff00::/8  |    ::   |   enp0s3  |   U   |
[    9.767151] cloud-init[942]: ci-info: +-------+-------------+---------+-----------+-------+
[   10.178661] cloud-init[942]: Generating public/private rsa key pair.
[   10.179202] cloud-init[942]: Your identification has been saved in /etc/ssh/ssh_host_rsa_key.
[   10.179823] cloud-init[942]: Your public key has been saved in /etc/ssh/ssh_host_rsa_key.pub.
[   10.180523] cloud-init[942]: The key fingerprint is:
[   10.180860] cloud-init[942]: SHA256:ArusglZL71uuM/M+/EIiREkrw+1ZiEsCi/bXax0WfVQ root@ubuntu-bionic
[   10.181507] cloud-init[942]: The key's randomart image is:
[   10.181957] cloud-init[942]: +---[RSA 2048]----+
[   10.184109] cloud-init[942]: |. ...        ..E |
[   10.184428] cloud-init[942]: |+.ooo     . .    |
[   10.184833] cloud-init[942]: |+B.+..   . . .   |
[   10.185235] cloud-init[942]: |+ *.oo.   . .    |
[   10.185639] cloud-init[942]: | ..+....So       |
[   10.188105] cloud-init[942]: |   =.o o+ .      |
[   10.188424] cloud-init[942]: |. o * ++ .       |
[   10.188831] cloud-init[942]: |o. o =++         |
[   10.189236] cloud-init[942]: |... .+O++.       |
[   10.189638] cloud-init[942]: +----[SHA256]-----+
[   10.195958] cloud-init[942]: Generating public/private dsa key pair.
[   10.196436] cloud-init[942]: Your identification has been saved in /etc/ssh/ssh_host_dsa_key.
[   10.197076] cloud-init[942]: Your public key has been saved in /etc/ssh/ssh_host_dsa_key.pub.
[   10.197695] cloud-init[942]: The key fingerprint is:
[   10.198119] cloud-init[942]: SHA256:5nPrr1prUEShs+FGgnP8xIzrQhmiHo1h2dtIjqCqUGI root@ubuntu-bionic
[   10.198773] cloud-init[942]: The key's randomart image is:
[   10.200137] cloud-init[942]: +---[DSA 1024]----+
[   10.204244] cloud-init[942]: |         .o.     |
[   10.204559] cloud-init[942]: |  o  o + ..      |
[   10.204961] cloud-init[942]: |.+.o+ = O.       |
[   10.205385] cloud-init[942]: |+.B.+= B +.      |
[   10.205794] cloud-init[942]: |+E.=o.. S.       |
[   10.206192] cloud-init[942]: |+o.. . +.        |
[   10.206593] cloud-init[942]: |o.  . . o.o      |
[   10.207005] cloud-init[942]: |o    .   +.o     |
[   10.207409] cloud-init[942]: |.       .+=o.    |
[   10.222675] cloud-init[942]: +----[SHA256]-----+
[   10.223248] cloud-init[942]: Generating public/private ecdsa key pair.
[   10.223792] cloud-init[942]: Your identification has been saved in /etc/ssh/ssh_host_ecdsa_key.
[   10.224427] cloud-init[942]: Your public key has been saved in /etc/ssh/ssh_host_ecdsa_key.pub.
[   10.225045] cloud-init[942]: The key fingerprint is:
[   10.225475] cloud-init[942]: SHA256:0MXZhH/yqsxf111T1r2KBBwX2hCXGOnYlPnm3/4Qrmw root@ubuntu-bionic
[   10.226141] cloud-init[942]: The key's randomart image is:
[   10.226613] cloud-init[942]: +---[ECDSA 256]---+
[   10.227028] cloud-init[942]: |         *OO+    |
[   10.227438] cloud-init[942]: |       ..B@..   o|
[   10.227841] cloud-init[942]: |      . *+.o    =|
[   10.228263] cloud-init[942]: |       o o.oo ..o|
[   10.228669] cloud-init[942]: |        S o. +.o.|
[   10.229084] cloud-init[942]: |          ....o.=|
[   10.229496] cloud-init[942]: |           ..o= +|
[   10.229902] cloud-init[942]: |         o .E+ + |
[   10.230310] cloud-init[942]: |          +++ ..o|
[   10.230722] cloud-init[942]: +----[SHA256]-----+
[   10.231132] cloud-init[942]: Generating public/private ed25519 key pair.
[   10.231649] cloud-init[942]: Your identification has been saved in /etc/ssh/ssh_host_ed25519_key.
[   10.232280] cloud-init[942]: Your public key has been saved in /etc/ssh/ssh_host_ed25519_key.pub.
[   10.233125] cloud-init[942]: The key fingerprint is:
[   10.233746] cloud-init[942]: SHA256:rFH9gNizn/jPI61qSmRsethecyCUjb66V/T7eZkza5Y root@ubuntu-bionic
[   10.234627] cloud-init[942]: The key's randomart image is:
[   10.235257] cloud-init[942]: +--[ED25519 256]--+
[   10.235821] cloud-init[942]: |                 |
[   10.236639] cloud-init[942]: |       * o       |
[   10.237216] cloud-init[942]: |      = * o      |
[[0;32m  OK  [0m] Started Initial cloud-init job (metadata service crawler).
[[0;32m  OK  [0m] Reached target Cloud-config availability.
[[0;32m  OK  [0m] Reached target Network is Online.
[   10.241113] [[0;32m  OK  [0m] Reached target Remote File Systems (Pre).
[[0;32m  OK  [0m] Reached target Remote File Systems.
cloud-init[942]: |     + o.o o     |
[   10.244281] cloud-init[942]: |      O.S.  .    |
[   10.244784] cloud-init[942]: |     B =.+..     |
[   10.245358] cloud-init[942]: |    o *.+ +o   + |
         Starting Availability of block devices...
[   10.246811] cloud-init[942]: |     =...+o.o.E  |
[[0;32m  OK  [0m] Reached target System Initialization.
[   10.247891] cloud-init[942]: |    oooo..o===.+ |
[[0;32m  OK  [0m] Started Message of the Day.
[   10.249061] cloud-init[942]: +----[SHA256]-----+
[[0;32m  OK  [0m] Listening on UUID daemon activation socket.
[[0;32m  OK  [0m] Started Ubuntu Advantage Timer for running repeated jobs.
[[0;32m  OK  [0m] Started ACPI Events Check.
[[0;32m  OK  [0m] Started Discard unused blocks once a week.
[[0;32m  OK  [0m] Listening on ACPID Listen Socket.
[[0;32m  OK  [0m] Started Trigger to poll for Ubuntu …(Only enabled on GCP LTS non-pro).
[[0;32m  OK  [0m] Reached target Paths.
         Starting Socket activation for snappy daemon.
[[0;32m  OK  [0m] Listening on Open-iSCSI iscsid Socket.
[[0;32m  OK  [0m] Listening on cloud-init hotplug hook socket.
         Starting LXD - unix socket.
[[0;32m  OK  [0m] Listening on D-Bus System Message Bus Socket.
[[0;32m  OK  [0m] Started Daily Cleanup of Temporary Directories.
[[0;32m  OK  [0m] Started Daily apt download activities.
[[0;32m  OK  [0m] Started Daily apt upgrade and clean activities.
[[0;32m  OK  [0m] Reached target Timers.
[[0;32m  OK  [0m] Listening on Socket activation for snappy daemon.
[[0;32m  OK  [0m] Listening on LXD - unix socket.
[[0;32m  OK  [0m] Reached target Sockets.
[[0;32m  OK  [0m] Reached target Basic System.
         Starting Pollinate to seed the pseudo random number generator...
[[0;32m  OK  [0m] Started Deferred execution scheduler.
[[0;32m  OK  [0m] Started irqbalance daemon.
[[0;32m  OK  [0m] Started Regular background program processing daemon.
         Starting Login Service...
         Starting Virtualbox guest utils...
         Starting Accounts Service...
         Starting LXD - container startup/shutdown...
         Starting Dispatcher daemon for systemd-networkd...
         Starting Snap Daemon...
         Starting LSB: Record successful boot for GRUB...
         Starting Permit User Sessions...
[[0;32m  OK  [0m] Started FUSE filesystem for LXC.
         Starting System Logging Service...
[[0;32m  OK  [0m] Started D-Bus System Message Bus.
[[0;32m  OK  [0m] Started Login Service.
[[0;32m  OK  [0m] Started Unattended Upgrades Shutdown.
         Starting LSB: automatic crash report generation...
[[0;32m  OK  [0m] Started System Logging Service.
[[0;32m  OK  [0m] Started Availability of block devices.
[[0;32m  OK  [0m] Started Permit User Sessions.
         Starting Hold until boot process finishes up...
         Starting Terminate Plymouth Boot Screen...
[[0;32m  OK  [0m] Started Hold until boot process finishes up.
         Starting Set console scheme...
[[0;32m  OK  [0m] Started Serial Getty on ttyS0.
[[0;32m  OK  [0m] Started Terminate Plymouth Boot Screen.
[[0;32m  OK  [0m] Started LSB: automatic crash report generation.
[[0;32m  OK  [0m] Started Set console scheme.
[[0;32m  OK  [0m] Created slice system-getty.slice.
[[0;32m  OK  [0m] Started Getty on tty1.
[[0;32m  OK  [0m] Reached target Login Prompts.
         Starting Authorization Manager...
[[0;32m  OK  [0m] Started LXD - container startup/shutdown.
[[0;32m  OK  [0m] Started LSB: Record successful boot for GRUB.
[[0;32m  OK  [0m] Started Virtualbox guest utils.
[[0;32m  OK  [0m] Started Dispatcher daemon for systemd-networkd.
[[0;32m  OK  [0m] Started Authorization Manager.
[[0;32m  OK  [0m] Started Accounts Service.
[[0;32m  OK  [0m] Started Snap Daemon.
         Starting Wait until snapd is fully seeded...
[[0;32m  OK  [0m] Started Pollinate to seed the pseudo random number generator.
         Starting OpenBSD Secure Shell server...
[[0;32m  OK  [0m] Started OpenBSD Secure Shell server.
[[0;32m  OK  [0m] Created slice User Slice of vagrant.
         Starting User Manager for UID 1000...
[[0;32m  OK  [0m] Started Session 1 of user vagrant.
[[0;32m  OK  [0m] Started User Manager for UID 1000.
[[0;32m  OK  [0m] Started Wait until snapd is fully seeded.
         Starting Apply the settings specified in cloud-config...
[[0;32m  OK  [0m] Reached target Multi-User System.
[[0;32m  OK  [0m] Reached target Graphical Interface.
         Starting Update UTMP about System Runlevel Changes...
[[0;32m  OK  [0m] Started Update UTMP about System Runlevel Changes.
         Stopping User Manager for UID 1000...
[[0;32m  OK  [0m] Started Session 3 of user vagrant.
         Starting User Manager for UID 1000...
[[0;32m  OK  [0m] Started User Manager for UID 1000.
[   14.432904] cloud-init[1654]: Cloud-init v. 21.4-0ubuntu1~18.04.1 running 'modules:config' at Thu, 27 Jan 2022 23:28:54 +0000. Up 14.06 seconds.
[[0;32m  OK  [0m] Started Apply the settings specified in cloud-config.
         Starting Execute cloud user/final scripts...
ci-info: no authorized SSH keys fingerprints found for user ubuntu.
<14>Jan 27 23:28:55 cloud-init: #############################################################
<14>Jan 27 23:28:55 cloud-init: -----BEGIN SSH HOST KEY FINGERPRINTS-----
<14>Jan 27 23:28:55 cloud-init: 1024 SHA256:5nPrr1prUEShs+FGgnP8xIzrQhmiHo1h2dtIjqCqUGI root@ubuntu-bionic (DSA)
<14>Jan 27 23:28:55 cloud-init: 256 SHA256:0MXZhH/yqsxf111T1r2KBBwX2hCXGOnYlPnm3/4Qrmw root@ubuntu-bionic (ECDSA)
<14>Jan 27 23:28:55 cloud-init: 256 SHA256:rFH9gNizn/jPI61qSmRsethecyCUjb66V/T7eZkza5Y root@ubuntu-bionic (ED25519)
<14>Jan 27 23:28:55 cloud-init: 2048 SHA256:ArusglZL71uuM/M+/EIiREkrw+1ZiEsCi/bXax0WfVQ root@ubuntu-bionic (RSA)
<14>Jan 27 23:28:55 cloud-init: -----END SSH HOST KEY FINGERPRINTS-----
<14>Jan 27 23:28:55 cloud-init: #############################################################
-----BEGIN SSH HOST KEY KEYS-----
ecdsa-sha2-nistp256 AAAAE2VjZHNhLXNoYTItbmlzdHAyNTYAAAAIbmlzdHAyNTYAAABBBOY6f0o4JwqbG5q6i91kBQJin72mbWumX073jGPjbNl7BsxV0TabSNrl+iuxcqrCghHIxEAM323Mibcoj7M6ync= root@ubuntu-bionic
ssh-ed25519 AAAAC3NzaC1lZDI1NTE5AAAAIPXBuBLsVWa7yjUq3C/r5mJ7QY8M0kWAUAd0oOmIB1TB root@ubuntu-bionic
ssh-rsa AAAAB3NzaC1yc2EAAAADAQABAAABAQC9f0A9/jun6rpD9FGWbIvyXvpiaJY+zq2PJKE1Azj6bhBSo8EEWwJyx1Gq9IUnIYBJ3VEzexKqIUPSEj8QI6AwCMIpz30ZEE6RCJOH5GLtRjSf+7hBikdfY+o2wR8adBz9NaDRt74m6VY8yNsZgT64OA1wYDcHb+PcQxcgb1YmsNEQPJNfUitZi0DUJA+j8v7ro0ghFxHNr1Oc658mAaT0FU706+NVVvtcQ/5stm2sB9dEZg3l7eVvCAVKDD1DT9HyW+hDXqpw1HKQUNj3PZ0QAf75dneDkb2LaZfOhl2Q/2+KqSHAkGJ1mGGLlXY8huOX7Z1DS/dQJ0bVJIw7qoJT root@ubuntu-bionic
-----END SSH HOST KEY KEYS-----
[   15.208502] cloud-init[1792]: Cloud-init v. 21.4-0ubuntu1~18.04.1 running 'modules:final' at Thu, 27 Jan 2022 23:28:55 +0000. Up 15.06 seconds.
[   15.209852] cloud-init[1792]: ci-info: no authorized SSH keys fingerprints found for user ubuntu.
[   15.210748] cloud-init[1792]: Cloud-init v. 21.4-0ubuntu1~18.04.1 finished at Thu, 27 Jan 2022 23:28:55 +0000. Datasource DataSourceNoCloud [seed=/dev/sdb][dsmode=net].  Up 15.20 seconds
[[0;32m  OK  [0m] Started Execute cloud user/final scripts.
[[0;32m  OK  [0m] Reached target Cloud-init target.

Ubuntu 18.04.6 LTS ubuntu-bionic ttyS0

ubuntu-bionic login: 